Unable to capture context for thread 7512 in process 7416, can not generate back trace
Unable to capture context for thread 8564 in process 7416, can not generate back trace
Exception at PC 0x00007FFE1658BB93
Printing stacktrace...

Exception at PC 0x00007FFE5BE395FC
Exception at PC 0x00007FFE5BE395FC
Exception at PC 0x00007FFE5BE395FC
Exception at PC 0x00007FFE5BE395FC
Exception at PC 0x00007FFE5BE395FC
Exception at PC 0x00007FFE5BE395FC
Exception at PC 0x00007FFE5BE395FC
Exception at PC 0x00007FFE5BE395FC
Exception at PC 0x00007FFE5BE395FC
Exception at PC 0x00007FFE5BE395FC
Exception at PC 0x00007FFE5BE395FC
Exception at PC 0x00007FFE5BE395FC
Exception at PC 0x00007FFE5BE395FC
Exception at PC 0x00007FFE5BE395FC
Exception at PC 0x00007FFE5BE395FC
Exception at PC 0x00007FFE5BE395FC
Exception at PC 0x00007FFE5BE395FC
[0]  [0x00007FFE1658BB93]
[1]  [0x00007FFE1658BB93]
[2]  [0x00007FFE1658B4A1]
[3]  [0x00007FFE1658B3EF]
[4]  [0x00007FFE165719FE]
[5]  [0x00007FFE16570ED1]
[6]  [0x00007FFE16570D76]
[7]  [0x00007FFE165179F6]
[8]  [0x00007FFE16507AFB]
[9]  [0x00007FFE1662E90A]
[10]  [0x00007FFE16649F87]
[11]  [0x00007FFE1664A05F]
[12] (BaseThreadInitThunk+0xd) [0x00007FFE5E6A168D]
[13] (RtlUserThreadStart+0x34) [0x00007FFE5EC654E4]
Done
Exception at PC 0x00007FFE5BE395FC
