#-----------------------------------------------------------
# Vivado v2016.4 (64-bit)
# SW Build 1756540 on Mon Jan 23 19:11:23 MST 2017
# IP Build 1755317 on Mon Jan 23 20:30:07 MST 2017
# Start of session at: Mon Oct 09 22:17:15 2017
# Process ID: 1796
# Current directory: F:/VivadoProject/MusicCalc
# Command line: vivado.exe -gui_launcher_event rodinguilauncherevent6176 F:\VivadoProject\MusicCalc\MusicCalc.xpr
# Log file: F:/VivadoProject/MusicCalc/vivado.log
# Journal file: F:/VivadoProject/MusicCalc\vivado.jou
#-----------------------------------------------------------
start_gui
open_project F:/VivadoProject/MusicCalc/MusicCalc.xpr
Scanning sources...
Finished scanning sources
INFO: [IP_Flow 19-234] Refreshing IP repositories
INFO: [IP_Flow 19-1704] No user IP repositories specified
INFO: [IP_Flow 19-2313] Loaded Vivado IP repository 'E:/Vivado/install/Vivado/2016.4/data/ip'.
open_project: Time (s): cpu = 00:00:10 ; elapsed = 00:00:05 . Memory (MB): peak = 821.758 ; gain = 132.309
synth_design -rtl -name rtl_1
Command: synth_design -rtl -name rtl_1
Starting synth_design
Using part: xc7a35tcpg236-1
Top: MusicCalc
---------------------------------------------------------------------------------
Starting RTL Elaboration : Time (s): cpu = 00:00:49 ; elapsed = 00:00:42 . Memory (MB): peak = 864.207 ; gain = 655.293
---------------------------------------------------------------------------------
INFO: [Synth 8-638] synthesizing module 'MusicCalc' [F:/VivadoProject/MusicCalc/MusicCalc.srcs/sources_1/new/MusicCalc.v:23]
INFO: [Synth 8-638] synthesizing module 'Calc' [F:/VivadoProject/MusicCalc/MusicCalc.srcs/sources_1/new/Calc.v:23]
INFO: [Synth 8-638] synthesizing module 'FreqDiv' [F:/VivadoProject/MusicCalc/MusicCalc.srcs/sources_1/new/FreqDiv.v:23]
	Parameter Par_100M bound to: 50000000 - type: integer 
	Parameter Par_1k bound to: 500 - type: integer 
INFO: [Synth 8-256] done synthesizing module 'FreqDiv' (1#1) [F:/VivadoProject/MusicCalc/MusicCalc.srcs/sources_1/new/FreqDiv.v:23]
WARNING: [Synth 8-350] instance 'FreqDiv' of module 'FreqDiv' requires 6 connections, but only 3 given [F:/VivadoProject/MusicCalc/MusicCalc.srcs/sources_1/new/Calc.v:67]
INFO: [Synth 8-638] synthesizing module 'key_scan' [F:/VivadoProject/MusicCalc/MusicCalc.srcs/sources_1/new/key_scan.v:23]
INFO: [Synth 8-638] synthesizing module 'Key_Driver' [F:/VivadoProject/MusicCalc/MusicCalc.srcs/sources_1/new/Key_Driver.v:23]
	Parameter SCAN_H1 bound to: 4'b1110 
	Parameter SCAN_H2 bound to: 4'b1101 
	Parameter SCAN_H3 bound to: 4'b1011 
	Parameter SCAN_H4 bound to: 4'b0111 
	Parameter NO_KEY_PRESSED bound to: 4'b0000 
	Parameter KEY_PRESSED bound to: 4'b1111 
INFO: [Synth 8-256] done synthesizing module 'Key_Driver' (2#1) [F:/VivadoProject/MusicCalc/MusicCalc.srcs/sources_1/new/Key_Driver.v:23]
INFO: [Synth 8-638] synthesizing module 'PreKey' [F:/VivadoProject/MusicCalc/MusicCalc.srcs/sources_1/new/PreKey.v:23]
	Parameter ADD bound to: 3'b000 
	Parameter MIN bound to: 3'b001 
	Parameter AND bound to: 3'b010 
	Parameter OR bound to: 3'b011 
	Parameter COMP bound to: 3'b100 
INFO: [Synth 8-256] done synthesizing module 'PreKey' (3#1) [F:/VivadoProject/MusicCalc/MusicCalc.srcs/sources_1/new/PreKey.v:23]
INFO: [Synth 8-638] synthesizing module 'FlagPulse' [F:/VivadoProject/MusicCalc/MusicCalc.srcs/sources_1/new/FlagPulse.v:23]
	Parameter IDLE bound to: 2'b00 
	Parameter PULSE bound to: 2'b01 
	Parameter HIGH bound to: 2'b11 
INFO: [Synth 8-256] done synthesizing module 'FlagPulse' (4#1) [F:/VivadoProject/MusicCalc/MusicCalc.srcs/sources_1/new/FlagPulse.v:23]
INFO: [Synth 8-638] synthesizing module 'NumInput' [F:/VivadoProject/MusicCalc/MusicCalc.srcs/sources_1/new/NumInput.v:23]
	Parameter S0 bound to: 2'b00 
	Parameter S1 bound to: 2'b01 
	Parameter S2 bound to: 2'b10 
	Parameter S3 bound to: 2'b11 
INFO: [Synth 8-226] default block is never used [F:/VivadoProject/MusicCalc/MusicCalc.srcs/sources_1/new/NumInput.v:54]
INFO: [Synth 8-256] done synthesizing module 'NumInput' (5#1) [F:/VivadoProject/MusicCalc/MusicCalc.srcs/sources_1/new/NumInput.v:23]
INFO: [Synth 8-638] synthesizing module 'NumSelect' [F:/VivadoProject/MusicCalc/MusicCalc.srcs/sources_1/new/NumSelect.v:23]
	Parameter SRC bound to: 1'b0 
	Parameter DST bound to: 1'b1 
INFO: [Synth 8-226] default block is never used [F:/VivadoProject/MusicCalc/MusicCalc.srcs/sources_1/new/NumSelect.v:52]
INFO: [Synth 8-256] done synthesizing module 'NumSelect' (6#1) [F:/VivadoProject/MusicCalc/MusicCalc.srcs/sources_1/new/NumSelect.v:23]
INFO: [Synth 8-256] done synthesizing module 'key_scan' (7#1) [F:/VivadoProject/MusicCalc/MusicCalc.srcs/sources_1/new/key_scan.v:23]
INFO: [Synth 8-638] synthesizing module 'CoreCircuit' [F:/VivadoProject/MusicCalc/MusicCalc.srcs/sources_1/new/CoreCircuit.v:23]
	Parameter INPUT bound to: 0 - type: integer 
	Parameter READY bound to: 1 - type: integer 
	Parameter LIN bound to: 2 - type: integer 
	Parameter LOUT bound to: 3 - type: integer 
	Parameter HIN bound to: 4 - type: integer 
	Parameter HOUT bound to: 5 - type: integer 
	Parameter RESULT bound to: 6 - type: integer 
	Parameter JUDGE bound to: 7 - type: integer 
	Parameter ADD bound to: 3'b000 
	Parameter MIN bound to: 3'b001 
	Parameter AND bound to: 3'b010 
	Parameter OR bound to: 3'b011 
	Parameter COMP bound to: 3'b100 
INFO: [Synth 8-256] done synthesizing module 'CoreCircuit' (8#1) [F:/VivadoProject/MusicCalc/MusicCalc.srcs/sources_1/new/CoreCircuit.v:23]
INFO: [Synth 8-638] synthesizing module 'ALU' [F:/VivadoProject/MusicCalc/MusicCalc.srcs/sources_1/new/ALU.v:23]
	Parameter ADD bound to: 3'b000 
	Parameter MIN bound to: 3'b001 
	Parameter AND bound to: 3'b010 
	Parameter OR bound to: 3'b011 
	Parameter COMP bound to: 3'b100 
INFO: [Synth 8-256] done synthesizing module 'ALU' (9#1) [F:/VivadoProject/MusicCalc/MusicCalc.srcs/sources_1/new/ALU.v:23]
INFO: [Synth 8-638] synthesizing module 'Hex2Dec' [F:/VivadoProject/MusicCalc/MusicCalc.srcs/sources_1/new/Hex2Dec.v:23]
	Parameter THOU bound to: 3'b000 
	Parameter HUND bound to: 3'b001 
	Parameter TEN bound to: 3'b010 
	Parameter ONE bound to: 3'b011 
	Parameter THOU1 bound to: 3'b100 
	Parameter HUND1 bound to: 3'b101 
	Parameter TEN1 bound to: 3'b110 
	Parameter ONE1 bound to: 3'b111 
INFO: [Synth 8-226] default block is never used [F:/VivadoProject/MusicCalc/MusicCalc.srcs/sources_1/new/Hex2Dec.v:54]
INFO: [Synth 8-256] done synthesizing module 'Hex2Dec' (10#1) [F:/VivadoProject/MusicCalc/MusicCalc.srcs/sources_1/new/Hex2Dec.v:23]
INFO: [Synth 8-638] synthesizing module 'seg' [F:/VivadoProject/MusicCalc/MusicCalc.srcs/sources_1/new/seg.v:22]
	Parameter segn bound to: 8'b11111111 
	Parameter seg0 bound to: 8'b00000011 
	Parameter seg1 bound to: 8'b10011111 
	Parameter seg2 bound to: 8'b00100101 
	Parameter seg3 bound to: 8'b00001101 
	Parameter seg4 bound to: 8'b10011001 
	Parameter seg5 bound to: 8'b01001001 
	Parameter seg6 bound to: 8'b01000001 
	Parameter seg7 bound to: 8'b00011111 
	Parameter seg8 bound to: 8'b00000001 
	Parameter seg9 bound to: 8'b00001001 
	Parameter sega bound to: 8'b00010001 
	Parameter segb bound to: 8'b11000001 
	Parameter segc bound to: 8'b01100011 
	Parameter segd bound to: 8'b10000101 
	Parameter sege bound to: 8'b01100001 
	Parameter segf bound to: 8'b01110001 
	Parameter S0 bound to: 0 - type: integer 
	Parameter S1 bound to: 1 - type: integer 
	Parameter S2 bound to: 2 - type: integer 
	Parameter S3 bound to: 3 - type: integer 
INFO: [Synth 8-226] default block is never used [F:/VivadoProject/MusicCalc/MusicCalc.srcs/sources_1/new/seg.v:63]
INFO: [Synth 8-256] done synthesizing module 'seg' (11#1) [F:/VivadoProject/MusicCalc/MusicCalc.srcs/sources_1/new/seg.v:22]
INFO: [Synth 8-256] done synthesizing module 'Calc' (12#1) [F:/VivadoProject/MusicCalc/MusicCalc.srcs/sources_1/new/Calc.v:23]
INFO: [Synth 8-638] synthesizing module 'Music' [F:/VivadoProject/MusicCalc/MusicCalc.srcs/sources_1/new/Music.v:23]
WARNING: [Synth 8-350] instance 'FreqDiv' of module 'FreqDiv' requires 6 connections, but only 3 given [F:/VivadoProject/MusicCalc/MusicCalc.srcs/sources_1/new/Music.v:54]
INFO: [Synth 8-638] synthesizing module 'MusicGen' [F:/VivadoProject/MusicCalc/MusicCalc.srcs/sources_1/new/MusicGen.v:23]
	Parameter STOP bound to: 2'b00 
INFO: [Synth 8-256] done synthesizing module 'MusicGen' (13#1) [F:/VivadoProject/MusicCalc/MusicCalc.srcs/sources_1/new/MusicGen.v:23]
INFO: [Synth 8-638] synthesizing module 'MusicCnt' [F:/VivadoProject/MusicCalc/MusicCalc.srcs/sources_1/new/MusicCnt.v:23]
	Parameter RESULT bound to: 6 - type: integer 
	Parameter section bound to: 63 - type: integer 
	Parameter STOP bound to: 2'b00 
	Parameter POSE bound to: 2'b01 
	Parameter NEGA bound to: 2'b10 
	Parameter FINISH bound to: 2'b11 
INFO: [Synth 8-256] done synthesizing module 'MusicCnt' (14#1) [F:/VivadoProject/MusicCalc/MusicCalc.srcs/sources_1/new/MusicCnt.v:23]
INFO: [Synth 8-638] synthesizing module 'MusicSheet' [F:/VivadoProject/MusicCalc/MusicCalc.srcs/sources_1/new/MusicSheet.v:23]
	Parameter STOP bound to: 2'b00 
	Parameter POSE bound to: 2'b01 
	Parameter NEGA bound to: 2'b10 
INFO: [Synth 8-226] default block is never used [F:/VivadoProject/MusicCalc/MusicCalc.srcs/sources_1/new/MusicSheet.v:35]
INFO: [Synth 8-226] default block is never used [F:/VivadoProject/MusicCalc/MusicCalc.srcs/sources_1/new/MusicSheet.v:112]
INFO: [Synth 8-256] done synthesizing module 'MusicSheet' (15#1) [F:/VivadoProject/MusicCalc/MusicCalc.srcs/sources_1/new/MusicSheet.v:23]
INFO: [Synth 8-638] synthesizing module 'MusicState' [F:/VivadoProject/MusicCalc/MusicCalc.srcs/sources_1/new/MusicState.v:23]
	Parameter STOP bound to: 2'b00 
	Parameter POSE bound to: 2'b01 
	Parameter NEGA bound to: 2'b10 
	Parameter FINISH bound to: 2'b11 
	Parameter RESULT bound to: 6 - type: integer 
INFO: [Synth 8-226] default block is never used [F:/VivadoProject/MusicCalc/MusicCalc.srcs/sources_1/new/MusicState.v:45]
INFO: [Synth 8-256] done synthesizing module 'MusicState' (16#1) [F:/VivadoProject/MusicCalc/MusicCalc.srcs/sources_1/new/MusicState.v:23]
INFO: [Synth 8-638] synthesizing module 'NoteTrans' [F:/VivadoProject/MusicCalc/MusicCalc.srcs/sources_1/new/NoteTrans.v:23]
INFO: [Synth 8-256] done synthesizing module 'NoteTrans' (17#1) [F:/VivadoProject/MusicCalc/MusicCalc.srcs/sources_1/new/NoteTrans.v:23]
INFO: [Synth 8-256] done synthesizing module 'Music' (18#1) [F:/VivadoProject/MusicCalc/MusicCalc.srcs/sources_1/new/Music.v:23]
INFO: [Synth 8-256] done synthesizing module 'MusicCalc' (19#1) [F:/VivadoProject/MusicCalc/MusicCalc.srcs/sources_1/new/MusicCalc.v:23]
---------------------------------------------------------------------------------
Finished RTL Elaboration : Time (s): cpu = 00:00:49 ; elapsed = 00:00:43 . Memory (MB): peak = 890.707 ; gain = 681.793
---------------------------------------------------------------------------------

Report Check Netlist: 
+------+------------------+-------+---------+-------+------------------+
|      |Item              |Errors |Warnings |Status |Description       |
+------+------------------+-------+---------+-------+------------------+
|1     |multi_driven_nets |      0|        0|Passed |Multi driven nets |
+------+------------------+-------+---------+-------+------------------+
---------------------------------------------------------------------------------
Finished RTL Optimization Phase 1 : Time (s): cpu = 00:00:50 ; elapsed = 00:00:43 . Memory (MB): peak = 890.707 ; gain = 681.793
---------------------------------------------------------------------------------
INFO: [Device 21-403] Loading part xc7a35tcpg236-1
INFO: [Project 1-570] Preparing netlist for logic optimization
INFO: [Opt 31-141] Inserted 2 OBUFs to IO ports without IO buffers.

Processing XDC Constraints
Initializing timing engine
Parsing XDC File [F:/VivadoProject/MusicCalc/MusicCalc.srcs/constrs_1/new/Key_test_PIN.xdc]
Finished Parsing XDC File [F:/VivadoProject/MusicCalc/MusicCalc.srcs/constrs_1/new/Key_test_PIN.xdc]
Completed Processing XDC Constraints

INFO: [Opt 31-138] Pushed 0 inverter(s) to 0 load pin(s).
INFO: [Project 1-111] Unisim Transformation Summary:
No Unisim elements were transformed.

RTL Elaboration Complete:  : Time (s): cpu = 00:01:04 ; elapsed = 00:00:52 . Memory (MB): peak = 1181.875 ; gain = 972.961
50 Infos, 2 Warnings, 0 Critical Warnings and 0 Errors encountered.
synth_design completed successfully
synth_design: Time (s): cpu = 00:00:20 ; elapsed = 00:00:13 . Memory (MB): peak = 1181.875 ; gain = 329.191
exit
INFO: [Common 17-206] Exiting Vivado at Mon Oct 09 22:23:39 2017...
