#-----------------------------------------------------------
# Vivado v2016.4 (64-bit)
# SW Build 1756540 on Mon Jan 23 19:11:23 MST 2017
# IP Build 1755317 on Mon Jan 23 20:30:07 MST 2017
# Start of session at: Sun Jul 09 21:37:06 2017
# Process ID: 4620
# Current directory: F:/VivadoProject/MusicCalc
# Command line: vivado.exe -gui_launcher_event rodinguilauncherevent752 F:\VivadoProject\MusicCalc\MusicCalc.xpr
# Log file: F:/VivadoProject/MusicCalc/vivado.log
# Journal file: F:/VivadoProject/MusicCalc\vivado.jou
#-----------------------------------------------------------
start_gui
open_project F:/VivadoProject/MusicCalc/MusicCalc.xpr
Scanning sources...
Finished scanning sources
INFO: [IP_Flow 19-234] Refreshing IP repositories
INFO: [IP_Flow 19-1704] No user IP repositories specified
INFO: [IP_Flow 19-2313] Loaded Vivado IP repository 'E:/Vivado/install/Vivado/2016.4/data/ip'.
set_property top MusicCalc [current_fileset]
exit
INFO: [Common 17-206] Exiting Vivado at Mon Jul 10 00:37:38 2017...
